2026-02-02 23:40:31 - ==================================================
2026-02-02 23:40:31 - 开始训练SimpleVGG模型
2026-02-02 23:40:31 - 设备: cuda
2026-02-02 23:40:31 - 优化器: Adam (lr=0.001)
2026-02-02 23:40:31 - 损失函数: CrossEntropyLoss
2026-02-02 23:40:31 - 训练轮数: 20
2026-02-02 23:40:31 - ==================================================
2026-02-02 23:45:14 - Epoch 1, Loss: 1.3889
2026-02-02 23:45:15 - Test Accuracy: 63.06%
2026-02-02 23:45:21 - Epoch 2, Loss: 0.9516
2026-02-02 23:45:22 - Test Accuracy: 70.61%
2026-02-02 23:45:29 - Epoch 3, Loss: 0.7840
2026-02-02 23:45:30 - Test Accuracy: 73.58%
2026-02-02 23:45:36 - Epoch 4, Loss: 0.6753
2026-02-02 23:45:37 - Test Accuracy: 74.79%
2026-02-02 23:45:44 - Epoch 5, Loss: 0.5981
2026-02-02 23:45:45 - Test Accuracy: 76.18%
2026-02-02 23:45:52 - Epoch 6, Loss: 0.5194
2026-02-02 23:45:53 - Test Accuracy: 76.41%
2026-02-02 23:45:59 - Epoch 7, Loss: 0.4679
2026-02-02 23:46:00 - Test Accuracy: 77.54%
2026-02-02 23:46:07 - Epoch 8, Loss: 0.4070
2026-02-02 23:46:08 - Test Accuracy: 76.36%
2026-02-02 23:46:15 - Epoch 9, Loss: 0.3669
2026-02-02 23:46:16 - Test Accuracy: 76.14%
2026-02-02 23:46:22 - Epoch 10, Loss: 0.3231
2026-02-02 23:46:23 - Test Accuracy: 77.05%
2026-02-02 23:46:30 - Epoch 11, Loss: 0.2933
2026-02-02 23:46:31 - Test Accuracy: 77.26%
2026-02-02 23:46:37 - Epoch 12, Loss: 0.2692
2026-02-02 23:46:39 - Test Accuracy: 76.67%
2026-02-02 23:46:45 - Epoch 13, Loss: 0.2428
2026-02-02 23:46:46 - Test Accuracy: 76.66%
2026-02-02 23:46:53 - Epoch 14, Loss: 0.2331
2026-02-02 23:46:54 - Test Accuracy: 77.01%
2026-02-02 23:47:00 - Epoch 15, Loss: 0.2163
2026-02-02 23:47:02 - Test Accuracy: 76.72%
2026-02-02 23:47:08 - Epoch 16, Loss: 0.2010
2026-02-02 23:47:09 - Test Accuracy: 76.82%
2026-02-02 23:47:16 - Epoch 17, Loss: 0.1901
2026-02-02 23:47:17 - Test Accuracy: 75.93%
2026-02-02 23:47:24 - Epoch 18, Loss: 0.1912
2026-02-02 23:47:25 - Test Accuracy: 77.59%
2026-02-02 23:47:31 - Epoch 19, Loss: 0.1802
2026-02-02 23:47:33 - Test Accuracy: 77.04%
2026-02-02 23:47:39 - Epoch 20, Loss: 0.1679
2026-02-02 23:47:40 - Test Accuracy: 76.88%
